<?xml version="1.0" encoding="UTF-8"?>
<testsuite name="TestSuite" time="29.017" tests="6" errors="0" skipped="0" failures="2">
  <properties>
[...]
</properties>
  <testcase name="fn_Permissiontest" classname="testcases.AppPermissionTest" time="3.338"/>
  <testcase name="fn_KnoxIDTest" classname="testcases.KnoxLoginTest" time="25.679"/>
  <testcase name="fn_KnoxIDTest" classname="testcases.KnoxLoginTest" time="7.618"/>
  <testcase name="fn_KnoxIDTest" classname="testcases.KnoxLoginTest" time="4.853">
    <failure message="Employee ID Is Not Correct expected [Enter your id firs] but found [Enter your id first.]" type="java.lang.AssertionError">java.lang.AssertionError: Employee ID Is Not Correct expected [Enter your id firs] but found [Enter your id first.]
	at org.testng.Assert.fail(Assert.java:97)
	at org.testng.Assert.assertEqualsImpl(Assert.java:136)
	at org.testng.Assert.assertEquals(Assert.java:118)
	at org.testng.Assert.assertEquals(Assert.java:575)
	at testcases.KnoxLoginTest.fn_KnoxIDTest(KnoxLoginTest.java:22)
</failure>
    <system-out><![CDATA[Enter your id first.
falseNotice Status1
]]></system-out>
  </testcase>
  <testcase name="fn_KnoxIDTest" classname="testcases.KnoxLoginTest" time="6.654"/>
  <testcase name="fn_KnoxIDTest" classname="testcases.KnoxLoginTest" time="20.82">
    <failure message="Employee ID Is Not Correct expected [Screen lock ty] but found [Screen lock type]" type="java.lang.AssertionError">java.lang.AssertionError: Employee ID Is Not Correct expected [Screen lock ty] but found [Screen lock type]
	at org.testng.Assert.fail(Assert.java:97)
	at org.testng.Assert.assertEqualsImpl(Assert.java:136)
	at org.testng.Assert.assertEquals(Assert.java:118)
	at org.testng.Assert.assertEquals(Assert.java:575)
	at testcases.KnoxLoginTest.fn_KnoxIDTest(KnoxLoginTest.java:22)
</failure>
    <system-out><![CDATA[else
Screen lock type
now final test will execute
]]></system-out>
  </testcase>
</testsuite>