<?xml version="1.0" encoding="UTF-8"?>
<!-- Generated by org.testng.reporters.JUnitXMLReporter -->
<testsuite hostname="VikasTripathi-108241.local" ignored="0" name="Login" tests="1" failures="0" timestamp="24 Jul 2019 14:01:13 GMT" time="0.034" errors="0">
  <testcase name="@BeforeTest StartDriver" time="0.01" classname="baseclasses.BaseClass">
    <failure type="java.lang.NullPointerException">
      <![CDATA[java.lang.NullPointerException
at java.util.Properties$LineReader.readLine(Properties.java:434)
at java.util.Properties.load0(Properties.java:353)
at java.util.Properties.load(Properties.java:341)
at baseclasses.BaseClass.StartDriver(BaseClass.java:50)
... Removed 24 stack frames]]>
    </failure>
  </testcase> <!-- @BeforeTest StartDriver -->
  <testcase name="fn_Permissiontest" time="0.0" classname="testcases.AppPermissionTest">
    <skipped/>
  </testcase> <!-- fn_Permissiontest -->
</testsuite> <!-- Login -->
