<?xml version="1.0" encoding="UTF-8"?>
<!-- Generated by org.testng.reporters.JUnitXMLReporter -->
<testsuite hostname="VikasTripathi-108241.local" ignored="1" name="Login" tests="6" failures="2" timestamp="2019-10-23T14:44:19 IST" time="87.723" errors="0">
  <testcase name="fn_Permissiontest" time="3.336" classname="testcases.AppPermissionTest"/>
  <testcase name="fn_KnoxIDTest" time="25.678" classname="testcases.KnoxLoginTest"/>
  <testcase name="fn_KnoxIDTest" time="7.617" classname="testcases.KnoxLoginTest"/>
  <testcase name="fn_KnoxIDTest" time="4.847" classname="testcases.KnoxLoginTest">
    <failure type="java.lang.AssertionError" message="Employee ID Is Not Correct expected [Enter your id firs] but found [Enter your id first.]">
      <![CDATA[java.lang.AssertionError: Employee ID Is Not Correct expected [Enter your id firs] but found [Enter your id first.]
at testcases.KnoxLoginTest.fn_KnoxIDTest(KnoxLoginTest.java:22)
at java.util.ArrayList.forEach(ArrayList.java:1257)
... Removed 34 stack frames]]>
    </failure>
  </testcase> <!-- fn_KnoxIDTest -->
  <testcase name="fn_KnoxIDTest" time="6.653" classname="testcases.KnoxLoginTest"/>
  <testcase name="fn_KnoxIDTest" time="20.819" classname="testcases.KnoxLoginTest">
    <failure type="java.lang.AssertionError" message="Employee ID Is Not Correct expected [Screen lock ty] but found [Screen lock type]">
      <![CDATA[java.lang.AssertionError: Employee ID Is Not Correct expected [Screen lock ty] but found [Screen lock type]
at testcases.KnoxLoginTest.fn_KnoxIDTest(KnoxLoginTest.java:22)
at java.util.ArrayList.forEach(ArrayList.java:1257)
... Removed 34 stack frames]]>
    </failure>
  </testcase> <!-- fn_KnoxIDTest -->
  <testcase name="@BeforeTest StartDriver" time="0.0" classname="baseclasses.BaseClass">
    <ignored/>
  </testcase> <!-- @BeforeTest StartDriver -->
</testsuite> <!-- Login -->
